! File BODIES                                                           
!                                                                       
! The symbol   '$'      preceeds a keyword used in scanning files.    
!                                                                       
! the symbol   'bdyty'  stands for 'body type data'.                
! These data are distributed according to some species.                 
!                                                                       
! the specy    'blmty'  stands for 'bulk element type data',        
! i.e. part or total bulk geometric description,                        
! and bulk behaviour laws;                                              
!                                                                       
! the specy    'nodty'  stands for 'node type data',                
! i.e. degrees of freedom data;                                         
!                                                                       
! the specy    'tacty'  stands for 'contactor type data';           
!                                                                       
! the keyword  '$$$$$$' ends a body record.                           
!                                                                       
                                                                      
!-----------------------------------------------------------------------
$bdyty
 RBDY3        1
$blmty
 PLAIN      1  behav  STONE  avrd= 0.3242932D+00
                             I1  = 0.6506569D-02  I2  = 0.6506569D-02  I3  = 0.6506569D-02
$nodty
 NO6xx      1                coo1= 0.5155728D+00  coo2=-0.1875890D+00  coo3=-0.1127149D+00
                             coo4= 0.0000000D+00  coo5= 0.0000000D+00  coo6= 0.0000000D+00
$tacty
 POLYR      1  color  BLEUx  nb_vertex=      8    nb_faces=     12
                             coo1= 0.1384717D+00  coo2=-0.4283967D+00  coo3= 0.4752676D-01
                             coo1= 0.3427295D+00  coo2=-0.1592670D-01  coo3= 0.2953637D+00
                             coo1= 0.3427295D+00  coo2= 0.2533135D+00  coo3=-0.1527273D+00
                             coo1= 0.1384717D+00  coo2=-0.1591564D+00  coo3=-0.4005643D+00
                             coo1=-0.3427295D+00  coo2=-0.2533135D+00  coo3= 0.1527273D+00
                             coo1=-0.1384717D+00  coo2= 0.1591564D+00  coo3= 0.4005643D+00
                             coo1=-0.1384717D+00  coo2= 0.4283967D+00  coo3=-0.4752676D-01
                             coo1=-0.3427295D+00  coo2= 0.1592670D-01  coo3=-0.2953637D+00
                             ver1=      1         ver2=      3         ver3=      2
                             ver1=      3         ver2=      1         ver3=      4
                             ver1=      1         ver2=      8         ver3=      4
                             ver1=      5         ver2=      8         ver3=      1
                             ver1=      2         ver2=      6         ver3=      1
                             ver1=      1         ver2=      6         ver3=      5
                             ver1=      7         ver2=      4         ver3=      8
                             ver1=      3         ver2=      4         ver3=      7
                             ver1=      7         ver2=      2         ver3=      3
                             ver1=      7         ver2=      6         ver3=      2
                             ver1=      8         ver2=      5         ver3=      7
                             ver1=      7         ver2=      5         ver3=      6
$$$$$$
      
$bdyty
 RBDY3        2
$blmty
 PLAIN      1  behav  STONE  avrd= 0.5892798D+00
                             I1  = 0.1219982D+00  I2  = 0.1219982D+00  I3  = 0.1561577D+00
$nodty
 NO6xx      1                coo1=-0.8592879D-01  coo2= 0.3126484D-01  coo3= 0.1878581D-01
                             coo4= 0.0000000D+00  coo5= 0.0000000D+00  coo6= 0.0000000D+00
$tacty
 POLYR      1  color  BLEUx  nb_vertex=      8    nb_faces=     12
                             coo1=-0.5227580D+00  coo2= 0.5227580D+00  coo3= 0.3920685D+00
                             coo1=-0.5227580D+00  coo2= 0.5227580D+00  coo3=-0.3920685D+00
                             coo1=-0.5227580D+00  coo2=-0.5227580D+00  coo3=-0.3920685D+00
                             coo1=-0.5227580D+00  coo2=-0.5227580D+00  coo3= 0.3920685D+00
                             coo1= 0.5227580D+00  coo2= 0.5227580D+00  coo3= 0.3920685D+00
                             coo1= 0.5227580D+00  coo2= 0.5227580D+00  coo3=-0.3920685D+00
                             coo1= 0.5227580D+00  coo2=-0.5227580D+00  coo3=-0.3920685D+00
                             coo1= 0.5227580D+00  coo2=-0.5227580D+00  coo3= 0.3920685D+00
                             ver1=      1         ver2=      2         ver3=      3
                             ver1=      3         ver2=      4         ver3=      1
                             ver1=      1         ver2=      4         ver3=      8
                             ver1=      5         ver2=      1         ver3=      8
                             ver1=      2         ver2=      1         ver3=      6
                             ver1=      1         ver2=      5         ver3=      6
                             ver1=      7         ver2=      8         ver3=      4
                             ver1=      3         ver2=      7         ver3=      4
                             ver1=      7         ver2=      3         ver3=      2
                             ver1=      7         ver2=      2         ver3=      6
                             ver1=      8         ver2=      7         ver3=      5
                             ver1=      7         ver2=      6         ver3=      5
$$$$$$
      
