Internal timers: 
================ 
                          Elapsed time  :  Elapsed ratio :
 
 - [RBDY3] comp mass      0.3000000D-05 s          0.00 %
 - [RBDY3] comp Fext      0.3773100D-01 s          0.08 %
 - [RBDY3] comp bulk      0.3586300D-01 s          0.08 %
 - [RBDY3] comp Free V    0.6094400D-01 s          0.13 %
 - [PRPRx] select         0.7980760D+00 s          1.67 %
 - [inter_3D] recup       0.4633380D+00 s          0.97 %
 - [NLGS3] prep           0.6862800D-01 s          0.14 %
 - [NLGS3] iter           0.6068300D-01 s          0.13 %
 - [NLGS3] check          0.6720000D-02 s          0.01 %
 - [NLGS3] post           0.5249000D-02 s          0.01 %
 - [inter_3D] stock       0.4863180D+00 s          1.02 %
 - [RBDY3] comp dof       0.5700100D-01 s          0.12 %
 - [RBDY3] update dof     0.3533500D-01 s          0.07 %
                         -----------------       ---------
  Accounted time          0.2115889D+01 s          4.44 %
  Total elapsed time      0.4768817D+02
 
 
User timers: 
============ 
                          Elapsed time  :  Elapsed ratio :
 
 - gravity computation    0.7039844D+01 s         14.76 %
                         -----------------       ---------
  Accounted time          0.7039844D+01 s         14.76 %
  Total elapsed time      0.4768818D+02
