Internal timers: 
================ 
                          Elapsed time  :  Elapsed ratio :
 
 - [RBDY3] comp mass      0.6000000D-05 s          0.00 %
 - [RBDY3] comp Fext      0.2105400D-01 s          0.26 %
 - [RBDY3] comp bulk      0.2106500D-01 s          0.26 %
 - [RBDY3] comp Free V    0.3392800D-01 s          0.42 %
 - [PRPRx] select         0.2943240D+00 s          3.62 %
 - [inter_3D] recup       0.2635120D+00 s          3.24 %
 - [NLGS3] prep           0.2739300D-01 s          0.34 %
 - [NLGS3] iter           0.2082500D-01 s          0.26 %
 - [NLGS3] check          0.1000000D-03 s          0.00 %
 - [NLGS3] post           0.7600000D-04 s          0.00 %
 - [inter_3D] stock       0.2705720D+00 s          3.32 %
 - [RBDY3] comp dof       0.3190400D-01 s          0.39 %
 - [RBDY3] update dof     0.1987900D-01 s          0.24 %
                         -----------------       ---------
  Accounted time          0.1004638D+01 s         12.34 %
  Total elapsed time      0.8141695D+01
 
 
User timers: 
============ 
                          Elapsed time  :  Elapsed ratio :
 
 - gravity computation    0.3691701D+01 s         45.34 %
                         -----------------       ---------
  Accounted time          0.3691701D+01 s         45.34 %
  Total elapsed time      0.8141716D+01
