Internal timers: 
================ 
                          Elapsed time  :  Elapsed ratio :
 
 - [RBDY3] comp mass      0.1000000D-05 s          0.00 %
 - [RBDY3] comp Fext      0.1094880D+00 s          0.13 %
 - [RBDY3] comp bulk      0.1046790D+00 s          0.13 %
 - [RBDY3] comp Free V    0.1749950D+00 s          0.21 %
 - [PRPRx] select         0.4550382D+01 s          5.56 %
 - [inter_3D] recup       0.1367912D+01 s          1.67 %
 - [NLGS3] prep           0.3296700D+00 s          0.40 %
 - [NLGS3] iter           0.6377920D+00 s          0.78 %
 - [NLGS3] check          0.1485250D+00 s          0.18 %
 - [NLGS3] post           0.9193000D-01 s          0.11 %
 - [inter_3D] stock       0.1470849D+01 s          1.80 %
 - [RBDY3] comp dof       0.1702000D+00 s          0.21 %
 - [RBDY3] update dof     0.1016590D+00 s          0.12 %
                         -----------------       ---------
  Accounted time          0.9258082D+01 s         11.31 %
  Total elapsed time      0.8186714D+02
 
 
User timers: 
============ 
                          Elapsed time  :  Elapsed ratio :
 
 - gravity computation    0.5250002D+02 s         64.13 %
                         -----------------       ---------
  Accounted time          0.5250002D+02 s         64.13 %
  Total elapsed time      0.8186716D+02
