! File BEHAVIOUR                                                        
!                                                                       
! The symbol   '$'       preceeds a keyword used in scanning files.     
!                                                                       
! The symbol   'behav'   stands for the nickname of a bulk or           
! contact behaviour law, character(len=5).                              
!                                                                       
! The symbol   'lawty'   stands for the name of a bulk or               
! contact behaviour law, character(len=30).                             
!                                                                       
! The symbol   'seety'   stands for description of a candidate          
! 'cdbdy' type of body, 'cdtac' type of contactor, 'cdcol' color        
! ready to meet with the contact behaviour law 'behav' an antagonist    
! 'anbdy' type of body, 'antac' type of contactor, 'ancol' color.       
!                                                                       
! Candidate antagonist objects are considered only within some distance 
! 'alert'.                                                              
!                                                                       
! STANDARD PACKAGE of contact behaviour laws                            
!                                                                       
! 123456789012345678901234567890:                                       
!                               :                                       
! contact behaviour             :                                       
!                               :                                       
! IQS_CLB                       : Inelastic quasi shock &               
!                               : Coulomb law                           
! IQS_CLB_RGR                   : Inelastic quasi shock &               
!                               : Coulomb law +  Radjai Gap Rescue      
! GAP_SGR_CLB                   : Gap Signorini condition &             
!                               : Coulomb law                           
! VEL_SGR_CLB                   : Velocity Signorini condition &        
!                               : Coulomb law                           
! IQS_DS_CLB                    : Inelastic quasi shock &               
!                               : dynamic static Coulomb law            
! GAP_SGR_DS_CLB                : Gap Signorini condition &             
!                               : dynamic static Coulomb law            
! VEL_SGR_DS_CLB                : Velocity Signorini condition &        
!                               : dynamic static Coulomb law            
! RST_CLB                       : Restitution shock law &               
!                               : Coulomb law                           
! RST_DS_CLB                    : Restitution shock law &               
!                               : dynamic static Coulomb law            
! ELASTIC_REPELL_CLB            : Repulsive reaction force proportional 
!                               : to penetration gap, vanishing         
!                               : otherwise & Coulomb law               
! GAP_MOHR_DS_CLB               : Mohr-Coulomb law when cohesive, else  
!                               : gap Signorini condition &             
!                               : dynamic static Coulomb law            
! IQS_DS_WET_CLB                : rather to be written:                 
! IQS_WET_DS_CLB                : non smooth Lennard Jones attraction   
!                               : law; inelastic quasi shock stands for 
!                               : unilaterality &                       
!                               : dynamic static Coulomb law            
! GAP_DS_WET_CLB                : rather to be written:                 
! GAP_WET_DS_CLB                : non smooth Lennard Jones attraction   
!                               : law; gap Signorini condition stands   
!                               : for unilaterality &                   
!                               : dynamic static Coulomb law            
! ELASTIC_REPELL_WET_CLB        : non smooth Lennard Jones attraction   
!                               : law; gap Signorini condition stands   
!                               : for unilaterality & Coulomb law       
! ELASTIC_ROD                   : linear elastic rod under traction &   
!                               : compression                           
! VOIGT_ROD                     : linear visco elastic rod under        
!                               : traction & compression                
!                               : (to be used with POINT against POINT) 
! ELASTIC_WIRE                  : linear elastic wire under traction &  
!                               : inactive under compression            
!                               : (to be used with POINT against POINT) 
! VOIGT_WIRE                    : linear visco lastic wire under        
!                               : traction & inactive under compression 
!                               : (to be used with POINT against POINT) 
! MD_JKRs                       : Modified JKR Model                    
                                : (to be used with MD + DKDK or DKJC)   
! MAC_CZM                       : Monerie-Acary-Cangemi cohesive zone   
!                               : model                                 
! MP_CZM                        : Monerie-Perales cohesive zone model   
!                               :                                       
! MP3_CZM                       : Monerie-Perales cohesive zone model   
!                               : defined by 3 cohesive parameters      
! TH_CZM                        : Tvergaard-Hutchinson cohesive zone    
!                               : model                                 
! GAP_SGR_CLB_WEAR              : Archard wear model                    
!                               : modified Signorini Coulomb Law        
!                               : (to be used with MAILx)               
! IQS_SGR_CLB_WEAR              : Cohesive wear model                   
!                               : modified Signorini Coulomb Law        
!                               : (to be used with RIGID_2D)            
! COUPLED DOF                   : to impose Un=Ut=0 in a relation       
!                               :                                       
! PERIO DOF                     : to impose a periodic relation         
!                               :   U = E.Y expressed in the local frame
!                               : where E is a strain tensor (given)    
!                               :       Y the periodic vector (comp)    
!                               : (to be used with POINT against POINT) 
                                                                        
$behav  lawty
 rst01  RST_CLB                         restn 0.1000000D+01  restt 0.0000000D+00
                                        sfric 0.1000000D+01
 
$seety
 cdbdy  cdtac  cdcol  behav  anbdy  antac  ancol       alert
 RBDY3  POLYR  BLEUx  rst01  RBDY3  POLYR  BLEUx       0.0000000D+00
 
