Internal timers: 
================ 
                          Elapsed time  :  Elapsed ratio :
 
 - [RBDY3] comp mass      0.2000000D-05 s          0.00 %
 - [RBDY3] comp Fext      0.3663800D-01 s          0.08 %
 - [RBDY3] comp bulk      0.4647200D-01 s          0.10 %
 - [RBDY3] comp Free V    0.6213800D-01 s          0.13 %
 - [PRPRx] select         0.2744604D+01 s          5.71 %
 - [inter_3D] recup       0.4720800D+00 s          0.98 %
 - [NLGS3] prep           0.1354170D+00 s          0.28 %
 - [NLGS3] iter           0.2988380D+00 s          0.62 %
 - [NLGS3] check          0.6436500D-01 s          0.13 %
 - [NLGS3] post           0.3874400D-01 s          0.08 %
 - [inter_3D] stock       0.5079680D+00 s          1.06 %
 - [RBDY3] comp dof       0.5916300D-01 s          0.12 %
 - [RBDY3] update dof     0.3415400D-01 s          0.07 %
                         -----------------       ---------
  Accounted time          0.4500583D+01 s          9.36 %
  Total elapsed time      0.4806385D+02
 
 
User timers: 
============ 
                          Elapsed time  :  Elapsed ratio :
 
 - gravity computation    0.2721674D+02 s         56.63 %
                         -----------------       ---------
  Accounted time          0.2721674D+02 s         56.63 %
  Total elapsed time      0.4806387D+02
