! File BODIES                                                           
!                                                                       
! The symbol   '$'      preceeds a keyword used in scanning files.    
!                                                                       
! the symbol   'bdyty'  stands for 'body type data'.                
! These data are distributed according to some species.                 
!                                                                       
! the specy    'blmty'  stands for 'bulk element type data',        
! i.e. part or total bulk geometric description,                        
! and bulk behaviour laws;                                              
!                                                                       
! the specy    'nodty'  stands for 'node type data',                
! i.e. degrees of freedom data;                                         
!                                                                       
! the specy    'tacty'  stands for 'contactor type data';           
!                                                                       
! the keyword  '$$$$$$' ends a body record.                           
!                                                                       
                                                                      
!-----------------------------------------------------------------------
$bdyty
 RBDY3        1
$blmty
 PLAIN      1  behav  STONE  avrd= 0.5750418D+01
                             I1  = 0.7414028D+04  I2  = 0.2041773D+05  I3  = 0.2357248D+05
$nodty
 NO6xx      1                coo1= 0.3034616D+02  coo2=-0.9633144D+00  coo3=-0.1019367D+01
                             coo4= 0.0000000D+00  coo5= 0.0000000D+00  coo6= 0.0000000D+00
$tacty
 POLYR      1  color  BLEUx  nb_vertex=     10    nb_faces=     16
                             coo1=-0.8656562D+01  coo2= 0.1017215D+00  coo3=-0.1599724D+01
                             coo1=-0.6623829D+01  coo2= 0.6683270D+01  coo3=-0.3509985D+00
                             coo1=-0.8057759D+01  coo2= 0.2502006D+01  coo3=-0.2667983D+01
                             coo1=-0.8639259D+01  coo2= 0.1009383D-01  coo3= 0.3611732D+01
                             coo1= 0.8789443D+01  coo2= 0.6131785D+01  coo3=-0.1461011D+01
                             coo1= 0.1085490D+02  coo2=-0.1144867D+01  coo3= 0.1801774D+01
                             coo1=-0.7794033D+01  coo2=-0.2038005D+01  coo3= 0.5092156D+01
                             coo1= 0.8517054D+01  coo2=-0.5811087D+01  coo3=-0.1373028D+01
                             coo1= 0.1086978D+02  coo2= 0.1166908D+01  coo3= 0.2379927D+01
                             coo1=-0.5744971D+01  coo2=-0.5095686D+01  coo3=-0.4000434D+01
                             ver1=     10         ver2=      8         ver3=      7
                             ver1=      9         ver2=      2         ver3=      7
                             ver1=      6         ver2=      7         ver3=      8
                             ver1=      7         ver2=      6         ver3=      9
                             ver1=      5         ver2=      2         ver3=      9
                             ver1=      3         ver2=      2         ver3=      5
                             ver1=      5         ver2=      6         ver3=      8
                             ver1=      5         ver2=      9         ver3=      6
                             ver1=      5         ver2=      8         ver3=     10
                             ver1=      5         ver2=     10         ver3=      3
                             ver1=      1         ver2=     10         ver3=      7
                             ver1=     10         ver2=      1         ver3=      3
                             ver1=      7         ver2=      2         ver3=      4
                             ver1=      4         ver2=      1         ver3=      7
                             ver1=      4         ver2=      2         ver3=      3
                             ver1=      4         ver2=      3         ver3=      1
$$$$$$
      
$bdyty
 RBDY3        2
$blmty
 PLAIN      1  behav  STONE  avrd= 0.4966679D+01
                             I1  = 0.6842670D+04  I2  = 0.6842670D+04  I3  = 0.6842670D+04
$nodty
 NO6xx      1                coo1=-0.3000000D+02  coo2= 0.0000000D+00  coo3= 0.2500000D-07
                             coo4= 0.0000000D+00  coo5= 0.0000000D+00  coo6= 0.0000000D+00
$tacty
 POLYR      1  color  BLEUx  nb_vertex=      4    nb_faces=      4
                             coo1=-0.2215253D-15  coo2= 0.0000000D+00  coo3= 0.1000000D+02
                             coo1= 0.9428090D+01  coo2= 0.0000000D+00  coo3=-0.3333333D+01
                             coo1=-0.4714045D+01  coo2= 0.8164966D+01  coo3=-0.3333333D+01
                             coo1=-0.4714045D+01  coo2=-0.8164966D+01  coo3=-0.3333333D+01
                             ver1=      4         ver2=      3         ver3=      2
                             ver1=      2         ver2=      3         ver3=      1
                             ver1=      1         ver2=      3         ver3=      4
                             ver1=      1         ver2=      4         ver3=      2
$$$$$$
      
$bdyty
 RBDY3        3
$blmty
 PLAIN      1  behav  STONE  avrd= 0.7815926D+01
                             I1  = 0.6842670D+04  I2  = 0.6842670D+04  I3  = 0.6842670D+04
$nodty
 NO6xx      1                coo1= 0.6000000D+02  coo2= 0.0000000D+00  coo3= 0.2500000D-07
                             coo4= 0.0000000D+00  coo5= 0.0000000D+00  coo6= 0.0000000D+00
$tacty
 POLYR      1  color  BLEUx  nb_vertex=      4    nb_faces=      4
                             coo1=-0.2215253D-15  coo2= 0.0000000D+00  coo3= 0.1000000D+02
                             coo1= 0.9428090D+01  coo2= 0.0000000D+00  coo3=-0.3333333D+01
                             coo1=-0.4714045D+01  coo2= 0.8164966D+01  coo3=-0.3333333D+01
                             coo1=-0.4714045D+01  coo2=-0.8164966D+01  coo3=-0.3333333D+01
                             ver1=      4         ver2=      3         ver3=      2
                             ver1=      2         ver2=      3         ver3=      1
                             ver1=      1         ver2=      3         ver3=      4
                             ver1=      1         ver2=      4         ver3=      2
$$$$$$
      
