Internal timers: 
================ 
                          Elapsed time  :  Elapsed ratio :
 
 - [RBDY3] comp mass      0.7000000D-05 s          0.00 %
 - [RBDY3] comp Fext      0.1800000D-01 s          0.19 %
 - [RBDY3] comp bulk      0.1696300D-01 s          0.18 %
 - [RBDY3] comp Free V    0.3504200D-01 s          0.38 %
 - [PRPRx] select         0.1363718D+01 s         14.65 %
 - [inter_3D] recup       0.2278460D+00 s          2.45 %
 - [NLGS3] prep           0.2624500D-01 s          0.28 %
 - [NLGS3] iter           0.1853200D-01 s          0.20 %
 - [NLGS3] check          0.6100000D-03 s          0.01 %
 - [NLGS3] post           0.4770000D-03 s          0.01 %
 - [inter_3D] stock       0.2358050D+00 s          2.53 %
 - [RBDY3] comp dof       0.3328700D-01 s          0.36 %
 - [RBDY3] update dof     0.1717300D-01 s          0.18 %
                         -----------------       ---------
  Accounted time          0.1993705D+01 s         21.41 %
  Total elapsed time      0.9310616D+01
 
 
User timers: 
============ 
                          Elapsed time  :  Elapsed ratio :
 
 - gravity computation    0.4042020D+01 s         43.41 %
                         -----------------       ---------
  Accounted time          0.4042020D+01 s         43.41 %
  Total elapsed time      0.9310635D+01
